[2026-03-11T05:15:00Z]    MTWOTGRMAINS.MoonshineTwinedWaveObservableTransportGeometryRegimeMaintainabilitySummary
[2026-03-11T05:15:00Z]  canonicalMoonshineTwinedWaveObservableTransportGeometryRegimeMaintainabilitySummary =
[2026-03-11T05:15:00Z] -  MTWOTGRMAINS.canonicalMoonshineTwinedWaveObservableTransportGeometryRegimeMaintainabilitySummary
[2026-03-11T05:15:00Z] +  canonicalMoonshineTwinedWaveObservableTransportGeometryRegimeMaintainabilitySummary-abs
[2026-03-11T05:15:00Z]  
[2026-03-11T05:15:00Z]  canonicalMoonshineTwinedWaveObservableTransportGeometryRegimeExtensibilitySummary :
[2026-03-11T05:15:00Z]    MTWOTGREXTS.MoonshineTwinedWaveObservableTransportGeometryRegimeExtensibilitySummary
[2026-03-11T05:15:00Z]  canonicalMoonshineTwinedWaveObservableTransportGeometryRegimeExtensibilitySummary =
[2026-03-11T05:15:00Z] -  MTWOTGREXTS.canonicalMoonshineTwinedWaveObservableTransportGeometryRegimeExtensibilitySummary
[2026-03-11T05:15:00Z] +  canonicalMoonshineTwinedWaveObservableTransportGeometryRegimeExtensibilitySummary-abs
[2026-03-11T05:15:00Z]  
[2026-03-11T05:15:00Z]  canonicalMoonshineTwinedWaveObservableTransportGeometryRegimeHarmonySummary :
[2026-03-11T05:15:00Z]    MTWOTGRHARS.MoonshineTwinedWaveObservableTransportGeometryRegimeHarmonySummary
[2026-03-11T05:15:00Z]  canonicalMoonshineTwinedWaveObservableTransportGeometryRegimeHarmonySummary =
[2026-03-11T05:15:00Z] -  MTWOTGRHARS.canonicalMoonshineTwinedWaveObservableTransportGeometryRegimeHarmonySummary
[2026-03-11T05:15:00Z] +  canonicalMoonshineTwinedWaveObservableTransportGeometryRegimeHarmonySummary-abs
[2026-03-11T05:15:00Z]  
[2026-03-11T05:15:00Z]  canonicalMoonshineTwinedWaveObservableTransportGeometryRegimeBalanceSummary :
[2026-03-11T05:15:00Z]    MTWOTGRBALS.MoonshineTwinedWaveObservableTransportGeometryRegimeBalanceSummary
[2026-03-11T05:15:00Z]  canonicalMoonshineTwinedWaveObservableTransportGeometryRegimeBalanceSummary =
[2026-03-11T05:15:00Z] -  MTWOTGRBALS.canonicalMoonshineTwinedWaveObservableTransportGeometryRegimeBalanceSummary
[2026-03-11T05:15:00Z] +  canonicalMoonshineTwinedWaveObservableTransportGeometryRegimeBalanceSummary-abs
[2026-03-11T05:15:00Z]  
[2026-03-11T05:15:00Z]  canonicalMoonshineTwinedWaveObservableTransportGeometryRegimeSymmetrySummary :
[2026-03-11T05:15:00Z]    MTWOTGRSYMS.MoonshineTwinedWaveObservableTransportGeometryRegimeSymmetrySummary
[2026-03-11T05:15:00Z]  canonicalMoonshineTwinedWaveObservableTransportGeometryRegimeSymmetrySummary =
[2026-03-11T05:15:00Z] -  MTWOTGRSYMS.canonicalMoonshineTwinedWaveObservableTransportGeometryRegimeSymmetrySummary
[2026-03-11T05:15:00Z] +  canonicalMoonshineTwinedWaveObservableTransportGeometryRegimeSymmetrySummary-abs
[2026-03-11T05:15:00Z]  
[2026-03-11T05:15:00Z]  canonicalMoonshineTwinedWaveObservableTransportGeometryRegimeContinuitySummary :
[2026-03-11T05:15:00Z]    MTWOTGRCONTS.MoonshineTwinedWaveObservableTransportGeometryRegimeContinuitySummary
[2026-03-11T05:15:00Z]  canonicalMoonshineTwinedWaveObservableTransportGeometryRegimeContinuitySummary =
[2026-03-11T05:15:00Z] -  MTWOTGRCONTS.canonicalMoonshineTwinedWaveObservableTransportGeometryRegimeContinuitySummary
[2026-03-11T05:15:00Z] +  canonicalMoonshineTwinedWaveObservableTransportGeometryRegimeContinuitySummary-abs
[2026-03-11T05:15:00Z]  
[2026-03-11T05:15:00Z]  canonicalMoonshineTwinedWaveObservableTransportGeometryRegimeCompatibilitySummary :
[2026-03-11T05:15:00Z]    MTWOTGRCOMPATS.MoonshineTwinedWaveObservableTransportGeometryRegimeCompatibilitySummary
[2026-03-11T05:15:00Z]  canonicalMoonshineTwinedWaveObservableTransportGeometryRegimeCompatibilitySummary =
[2026-03-11T05:15:00Z] -  MTWOTGRCOMPATS.canonicalMoonshineTwinedWaveObservableTransportGeometryRegimeCompatibilitySummary
[2026-03-11T05:15:00Z] +  canonicalMoonshineTwinedWaveObservableTransportGeometryRegimeCompatibilitySummary-abs
[2026-03-11T05:15:00Z]  
[2026-03-11T05:15:00Z]  canonicalMoonshineTwinedWaveObservableTransportGeometryRegimeConcordanceSummary :
[2026-03-11T05:15:00Z]    MTWOTGRCONCS.MoonshineTwinedWaveObservableTransportGeometryRegimeConcordanceSummary
[2026-03-11T05:15:00Z]  canonicalMoonshineTwinedWaveObservableTransportGeometryRegimeConcordanceSummary =
[2026-03-11T05:15:00Z] -  MTWOTGRCONCS.canonicalMoonshineTwinedWaveObservableTransportGeometryRegimeConcordanceSummary
[2026-03-11T05:15:00Z] +  canonicalMoonshineTwinedWaveObservableTransportGeometryRegimeConcordanceSummary-abs
[2026-03-11T05:15:00Z]  
[2026-03-11T05:15:00Z]  canonicalMoonshineTwinedWaveObservableTransportGeometryRegimeCohesionSummary :
[2026-03-11T05:15:00Z]    MTWOTGRCOHS.MoonshineTwinedWaveObservableTransportGeometryRegimeCohesionSummary
[2026-03-11T05:15:00Z]  canonicalMoonshineTwinedWaveObservableTransportGeometryRegimeCohesionSummary =
[2026-03-11T05:15:00Z] -  MTWOTGRCOHS.canonicalMoonshineTwinedWaveObservableTransportGeometryRegimeCohesionSummary
[2026-03-11T05:15:00Z] +  canonicalMoonshineTwinedWaveObservableTransportGeometryRegimeCohesionSummary-abs
[2026-03-11T05:15:00Z]  
[2026-03-11T05:15:00Z]  canonicalMoonshineTwinedWaveObservableTransportGeometryRegimeEquilibriumSummary :
[2026-03-11T05:15:00Z]    MTWOTGREQS.MoonshineTwinedWaveObservableTransportGeometryRegimeEquilibriumSummary
[2026-03-11T05:15:00Z]  canonicalMoonshineTwinedWaveObservableTransportGeometryRegimeEquilibriumSummary =
[2026-03-11T05:15:00Z] -  MTWOTGREQS.canonicalMoonshineTwinedWaveObservableTransportGeometryRegimeEquilibriumSummary
[2026-03-11T05:15:00Z] +  canonicalMoonshineTwinedWaveObservableTransportGeometryRegimeEquilibriumSummary-abs
[2026-03-11T05:15:00Z]  
[2026-03-11T05:15:00Z]  canonicalMoonshineTwinedWaveObservableTransportGeometryRegimeConvergenceSummary :
[2026-03-11T05:15:00Z]    MTWOTGRCONVS.MoonshineTwinedWaveObservableTransportGeometryRegimeConvergenceSummary
[2026-03-11T05:15:00Z]  canonicalMoonshineTwinedWaveObservableTransportGeometryRegimeConvergenceSummary =
[2026-03-11T05:15:00Z] -  MTWOTGRCONVS.canonicalMoonshineTwinedWaveObservableTransportGeometryRegimeConvergenceSummary
[2026-03-11T05:15:00Z] +  canonicalMoonshineTwinedWaveObservableTransportGeometryRegimeConvergenceSummary-abs
[2026-03-11T05:15:00Z]  
[2026-03-11T05:15:00Z]  canonicalMoonshineTwinedWaveObservableTransportGeometryRegimeFidelitySummary :
[2026-03-11T05:15:00Z]    MTWOTGRFIDS.MoonshineTwinedWaveObservableTransportGeometryRegimeFidelitySummary
[2026-03-11T05:15:00Z]  canonicalMoonshineTwinedWaveObservableTransportGeometryRegimeFidelitySummary =
[2026-03-11T05:15:00Z] -  MTWOTGRFIDS.canonicalMoonshineTwinedWaveObservableTransportGeometryRegimeFidelitySummary
[2026-03-11T05:15:00Z] +  canonicalMoonshineTwinedWaveObservableTransportGeometryRegimeFidelitySummary-abs
[2026-03-11T05:15:00Z]  
[2026-03-11T05:15:00Z]  canonicalMoonshineTwinedWaveObservableTransportGeometryRegimeLegibilitySummary :
[2026-03-11T05:15:00Z]    MTWOTGRLEGS.MoonshineTwinedWaveObservableTransportGeometryRegimeLegibilitySummary
[2026-03-11T05:15:00Z]  canonicalMoonshineTwinedWaveObservableTransportGeometryRegimeLegibilitySummary =
[2026-03-11T05:15:00Z] -  MTWOTGRLEGS.canonicalMoonshineTwinedWaveObservableTransportGeometryRegimeLegibilitySummary
[2026-03-11T05:15:00Z] +  canonicalMoonshineTwinedWaveObservableTransportGeometryRegimeLegibilitySummary-abs
[2026-03-11T05:15:00Z]  
[2026-03-11T05:15:00Z]  canonicalMoonshineTwinedWaveObservableTransportGeometryRegimeTransparencySummary :
[2026-03-11T05:15:00Z]    MTWOTGRTRNS.MoonshineTwinedWaveObservableTransportGeometryRegimeTransparencySummary
[2026-03-11T05:15:00Z]  canonicalMoonshineTwinedWaveObservableTransportGeometryRegimeTransparencySummary =
[2026-03-11T05:15:00Z] -  MTWOTGRTRNS.canonicalMoonshineTwinedWaveObservableTransportGeometryRegimeTransparencySummary
[2026-03-11T05:15:00Z] +  canonicalMoonshineTwinedWaveObservableTransportGeometryRegimeTransparencySummary-abs
[2026-03-11T05:15:00Z]  
[2026-03-11T05:15:00Z]  canonicalMoonshineTwinedWaveObservableTransportGeometryRegimeAlignmentSummary :
[2026-03-11T05:15:00Z]    MTWOTGRALIGNS.MoonshineTwinedWaveObservableTransportGeometryRegimeAlignmentSummary
[2026-03-11T05:15:00Z]  canonicalMoonshineTwinedWaveObservableTransportGeometryRegimeAlignmentSummary =
[2026-03-11T05:15:00Z] -  MTWOTGRALIGNS.canonicalMoonshineTwinedWaveObservableTransportGeometryRegimeAlignmentSummary
[2026-03-11T05:15:00Z] +  canonicalMoonshineTwinedWaveObservableTransportGeometryRegimeAlignmentSummary-abs
[2026-03-11T05:15:00Z]  
[2026-03-11T05:15:00Z]  canonicalMoonshineTwinedWaveObservableTransportGeometryRegimeRefinementSummary :
[2026-03-11T05:15:00Z]    MTWOTGRREFS.MoonshineTwinedWaveObservableTransportGeometryRegimeRefinementSummary
[2026-03-11T05:15:00Z]  canonicalMoonshineTwinedWaveObservableTransportGeometryRegimeRefinementSummary =
[2026-03-11T05:15:00Z] -  MTWOTGRREFS.canonicalMoonshineTwinedWaveObservableTransportGeometryRegimeRefinementSummary
[2026-03-11T05:15:00Z] +  canonicalMoonshineTwinedWaveObservableTransportGeometryRegimeRefinementSummary-abs
[2026-03-11T05:15:00Z]  
[2026-03-11T05:15:00Z]  canonicalMoonshineTwinedWaveObservableTransportGeometryRegimeResolutionSummary :
[2026-03-11T05:15:00Z]    MTWOTGRRSLS.MoonshineTwinedWaveObservableTransportGeometryRegimeResolutionSummary
[2026-03-11T05:15:00Z]  canonicalMoonshineTwinedWaveObservableTransportGeometryRegimeResolutionSummary =
[2026-03-11T05:15:00Z] -  MTWOTGRRSLS.canonicalMoonshineTwinedWaveObservableTransportGeometryRegimeResolutionSummary
[2026-03-11T05:15:00Z] +  canonicalMoonshineTwinedWaveObservableTransportGeometryRegimeResolutionSummary-abs
[2026-03-11T05:15:00Z]  
[2026-03-11T05:15:00Z]  canonicalMoonshineTwinedWaveObservableTransportGeometryRegimeCalibrationSummary :
[2026-03-11T05:15:00Z]    MTWOTGRCALS.MoonshineTwinedWaveObservableTransportGeometryRegimeCalibrationSummary
[2026-03-11T05:15:00Z]  canonicalMoonshineTwinedWaveObservableTransportGeometryRegimeCalibrationSummary =
[2026-03-11T05:15:00Z] -  MTWOTGRCALS.canonicalMoonshineTwinedWaveObservableTransportGeometryRegimeCalibrationSummary
[2026-03-11T05:15:00Z] +  canonicalMoonshineTwinedWaveObservableTransportGeometryRegimeCalibrationSummary-abs
[2026-03-11T05:15:00Z]  
[2026-03-11T05:15:00Z]  canonicalMoonshineTwinedWaveObservableTransportGeometryRegimeSynthesisSummary :
[2026-03-11T05:15:00Z]    MTWOTGRSYNS.MoonshineTwinedWaveObservableTransportGeometryRegimeSynthesisSummary
[2026-03-11T05:15:00Z]  canonicalMoonshineTwinedWaveObservableTransportGeometryRegimeSynthesisSummary =
[2026-03-11T05:15:00Z] -  MTWOTGRSYNS.canonicalMoonshineTwinedWaveObservableTransportGeometryRegimeSynthesisSummary
[2026-03-11T05:15:00Z] +  canonicalMoonshineTwinedWaveObservableTransportGeometryRegimeSynthesisSummary-abs
[2026-03-11T05:15:00Z]  
[2026-03-11T05:15:00Z]  canonicalMoonshineTwinedWaveObservableTransportGeometryRegimeFusionSummary :
[2026-03-11T05:15:00Z]    MTWOTGRFUSS.MoonshineTwinedWaveObservableTransportGeometryRegimeFusionSummary
[2026-03-11T05:15:00Z]  canonicalMoonshineTwinedWaveObservableTransportGeometryRegimeFusionSummary =
[2026-03-11T05:15:00Z] -  MTWOTGRFUSS.canonicalMoonshineTwinedWaveObservableTransportGeometryRegimeFusionSummary
[2026-03-11T05:15:00Z] +  canonicalMoonshineTwinedWaveObservableTransportGeometryRegimeFusionSummary-abs
[2026-03-11T05:15:00Z]  
[2026-03-11T05:15:00Z]  canonicalMoonshineTwinedWaveObservableTransportGeometryRegimeResilienceSummary :
[2026-03-11T05:15:00Z]    MTWOTGRRESS.MoonshineTwinedWaveObservableTransportGeometryRegimeResilienceSummary
[2026-03-11T05:15:00Z]  canonicalMoonshineTwinedWaveObservableTransportGeometryRegimeResilienceSummary =
[2026-03-11T05:15:00Z] -  MTWOTGRRESS.canonicalMoonshineTwinedWaveObservableTransportGeometryRegimeResilienceSummary
[2026-03-11T05:15:00Z] +  canonicalMoonshineTwinedWaveObservableTransportGeometryRegimeResilienceSummary-abs
[2026-03-11T05:15:00Z]  
[2026-03-11T05:15:00Z]  selfSnapshotVerdict : RPR.RigidityVerdict
[2026-03-11T05:15:00Z]  selfSnapshotVerdict = MCPCV.selfVerdict validationBundle
[2026-03-11T05:15:00Z] @@ -2384,6 +2561,10 @@
[2026-03-11T05:15:00Z]  snapThresholdBoolInvVerdict =
[2026-03-11T05:15:00Z]    STLR.SnapThresholdReport.verdict STLBIV.boolInvReport
[2026-03-11T05:15:00Z]  
[2026-03-11T05:15:00Z] +snapThresholdB4Verdict : STL.SnapThresholdVerdict
[2026-03-11T05:15:00Z] +snapThresholdB4Verdict =
[2026-03-11T05:15:00Z] +  STLR.SnapThresholdReport.verdict STLB4.b4Report
[2026-03-11T05:15:00Z] +
[2026-03-11T05:15:00Z]  syntheticOneMinusShellMatch : Bool
[2026-03-11T05:15:00Z]  syntheticOneMinusShellMatch =
[2026-03-11T05:15:00Z]    SOSC.SyntheticShellComparisonReport.shell1Matches SOSC.report
[2026-03-11T05:15:00Z] diff --git a/DASHI/Physics/Closure/Validation/Chi2BoundaryBoolInversionWitness.agda b/DASHI/Physics/Closure/Validation/Chi2BoundaryBoolInversionWitness.agda
[2026-03-11T05:15:00Z] new file mode 100644
[2026-03-11T05:15:00Z] index 0000000000000000000000000000000000000000..431c58bc88ed82285070771ea48022a702be2092
[2026-03-11T05:15:00Z] --- /dev/null
[2026-03-11T05:15:00Z] +++ b/DASHI/Physics/Closure/Validation/Chi2BoundaryBoolInversionWitness.agda
[2026-03-11T05:15:00Z] @@ -0,0 +1,32 @@
[2026-03-11T05:15:00Z] +module DASHI.Physics.Closure.Validation.Chi2BoundaryBoolInversionWitness where
[2026-03-11T05:15:00Z] +
[2026-03-11T05:15:00Z] +open import Agda.Builtin.Equality using (_≡_)
[2026-03-11T05:15:00Z] +open import UFTC_Lattice using (special; severity)
[2026-03-11T05:15:00Z] +
[2026-03-11T05:15:00Z] +open import DASHI.Physics.Closure.Validation.Chi2BoundaryShiftLibrary as LIB
[2026-03-11T05:15:00Z] +open import DASHI.Physics.RealTernaryCarrier as RTC
[2026-03-11T05:15:00Z] +open import DASHI.Physics.TernaryRealInstance as TRI
[2026-03-11T05:15:00Z] +open import DASHI.Physics.SeverityMapping as SM
[2026-03-11T05:15:00Z] +open import DASHI.Physics.SeverityGuard.Core as SG
[2026-03-11T05:15:00Z] +open import DASHI.Physics.SeverityGuard.Shift.Concrete as SGSC
[2026-03-11T05:15:00Z] +open Chi2BoundaryCase
[2026-03-11T05:15:00Z] +
[2026-03-11T05:15:00Z] +-- Bool-inversion-specific witness selection on the shared 4D closure carrier.
[2026-03-11T05:15:00Z] +witnessState : RTC.Carrier TRI.n
[2026-03-11T05:15:00Z] +witnessState = state LIB.caseB
[2026-03-11T05:15:00Z] +
[2026-03-11T05:15:00Z] +witnessCode :
[2026-03-11T05:15:00Z] +  SM.codeᵣ {TRI.m} {TRI.k} witnessState ≡ special 4
[2026-03-11T05:15:00Z] +witnessCode = code-special4 LIB.caseB
[2026-03-11T05:15:00Z] +
[2026-03-11T05:15:00Z] +witnessSeverity :
[2026-03-11T05:15:00Z] +  severity (SG.SeverityPolicy.code (SGSC.policyᵣ {TRI.m} {TRI.k}) witnessState) ≡ 4
[2026-03-11T05:15:00Z] +witnessSeverity = severity4 LIB.caseB
[2026-03-11T05:15:00Z] +
[2026-03-11T05:15:00Z] +witnessSnap :
[2026-03-11T05:15:00Z] +  SG.Snap (SGSC.policyᵣ {TRI.m} {TRI.k}) witnessState
[2026-03-11T05:15:00Z] +witnessSnap = snapWitness LIB.caseB
[2026-03-11T05:15:00Z] +
[2026-03-11T05:15:00Z] +witnessBroken :
[2026-03-11T05:15:00Z] +  SG.Broken (SGSC.policyᵣ {TRI.m} {TRI.k}) witnessState
[2026-03-11T05:15:00Z] +witnessBroken = brokenWitness LIB.caseB
[2026-03-11T05:15:00Z] diff --git a/DASHI/Physics/Closure/Validation/SnapThresholdLawBoolInversion.agda b/DASHI/Physics/Closure/Validation/SnapThresholdLawBoolInversion.agda
[2026-03-11T05:15:00Z] index 16768e38b695025c47921e86386f9ab3bd47c8f7..1011bc75b35a0de987ae63293d621a959a765d25
[2026-03-11T05:15:00Z] --- a/DASHI/Physics/Closure/Validation/SnapThresholdLawBoolInversion.agda
[2026-03-11T05:15:00Z] +++ b/DASHI/Physics/Closure/Validation/SnapThresholdLawBoolInversion.agda
[2026-03-11T05:15:00Z] @@ -4,7 +4,7 @@
[2026-03-11T05:15:00Z]  
[2026-03-11T05:15:00Z]  open import DASHI.Physics.TernaryRealInstance as TRI
[2026-03-11T05:15:00Z]  open import DASHI.Physics.SeverityGuard.Shift.Concrete as SGSC
[2026-03-11T05:15:00Z] -open import DASHI.Physics.Closure.Validation.Chi2BoundaryShiftWitness as CBW
[2026-03-11T05:15:00Z] +open import DASHI.Physics.Closure.Validation.Chi2BoundaryBoolInversionWitness as CBIVW
[2026-03-11T05:15:00Z]  open import DASHI.Physics.Closure.Validation.SnapThresholdLaw as STL
[2026-03-11T05:15:00Z]  open import DASHI.Physics.Closure.Validation.SnapThresholdLawReport as STLR
[2026-03-11T05:15:00Z]  
[2026-03-11T05:15:00Z] @@ -17,10 +17,8 @@
[2026-03-11T05:15:00Z]      { label = boolInvLabel
[2026-03-11T05:15:00Z]      ; X = _
[2026-03-11T05:15:00Z]      ; policy = SGSC.policyᵣ {TRI.m} {TRI.k}
[2026-03-11T05:15:00Z] -    -- Proxy witness: reuse the shift snap witness until a bool-inversion
[2026-03-11T05:15:00Z] -    -- specific witness state is identified.
[2026-03-11T05:15:00Z] -    ; witnessState = CBW.witnessState
[2026-03-11T05:15:00Z] -    ; witnessSnap = CBW.witnessSnap
[2026-03-11T05:15:00Z] +    ; witnessState = CBIVW.witnessState
[2026-03-11T05:15:00Z] +    ; witnessSnap = CBIVW.witnessSnap
[2026-03-11T05:15:00Z]      }
[2026-03-11T05:15:00Z]  
[2026-03-11T05:15:00Z]  boolInvReport : STLR.SnapThresholdReport
[2026-03-11T05:15:00Z] diff --git a/DASHI/Physics/Closure/Validation/SnapThresholdLawRootSystemB4.agda b/DASHI/Physics/Closure/Validation/SnapThresholdLawRootSystemB4.agda
[2026-03-11T05:15:00Z] new file mode 100644
[2026-03-11T05:15:00Z] index 0000000000000000000000000000000000000000..ddc6997a6287010068858ea5f05a38debad024d8
[2026-03-11T05:15:00Z] --- /dev/null
[2026-03-11T05:15:00Z] +++ b/DASHI/Physics/Closure/Validation/SnapThresholdLawRootSystemB4.agda
[2026-03-11T05:15:00Z] @@ -0,0 +1,54 @@
[2026-03-11T05:15:00Z] +module DASHI.Physics.Closure.Validation.SnapThresholdLawRootSystemB4 where
[2026-03-11T05:15:00Z] +
[2026-03-11T05:15:00Z] +open import Agda.Builtin.Nat using (Nat)
[2026-03-11T05:15:00Z] +open import Agda.Builtin.String using (String)
[2026-03-11T05:15:00Z] +open import Data.Nat.Properties as NatP using (≤-refl)
[2026-03-11T05:15:00Z] +open import UFTC_Lattice using (Code; Severity; normal; special)
[2026-03-11T05:15:00Z] +
[2026-03-11T05:15:00Z] +open import DASHI.Physics.Closure.Validation.RootSystemB4ShellComparison as B4C
[2026-03-11T05:15:00Z] +open import DASHI.Physics.SeverityGuard.Core as SG
[2026-03-11T05:15:00Z] +open import DASHI.Physics.Closure.Validation.SnapThresholdLaw as STL
[2026-03-11T05:15:00Z] +open import DASHI.Physics.Closure.Validation.SnapThresholdLawReport as STLR
[2026-03-11T05:15:00Z] +
[2026-03-11T05:15:00Z] +b4Label : String
[2026-03-11T05:15:00Z] +b4Label = "root-system-b4-snap-threshold"
[2026-03-11T05:15:00Z] +
[2026-03-11T05:15:00Z] +codeB4 : B4C.B4ShellComparisonVerdict → Code
[2026-03-11T05:15:00Z] +codeB4 B4C.exactShellMatch = special 4
[2026-03-11T05:15:00Z] +codeB4 B4C.shellMismatch = normal 0
[2026-03-11T05:15:00Z] +
[2026-03-11T05:15:00Z] +safeThresholdB4 : Severity
[2026-03-11T05:15:00Z] +safeThresholdB4 = 3
[2026-03-11T05:15:00Z] +
[2026-03-11T05:15:00Z] +brokenThresholdB4 : Severity
[2026-03-11T05:15:00Z] +brokenThresholdB4 = 4
[2026-03-11T05:15:00Z] +
[2026-03-11T05:15:00Z] +b4Policy : SG.SeverityPolicy B4C.B4ShellComparisonVerdict
[2026-03-11T05:15:00Z] +b4Policy =
[2026-03-11T05:15:00Z] +  record
[2026-03-11T05:15:00Z] +    { code = codeB4
[2026-03-11T05:15:00Z] +    ; safeThreshold = safeThresholdB4
[2026-03-11T05:15:00Z] +    ; brokenThreshold = brokenThresholdB4
[2026-03-11T05:15:00Z] +    }
[2026-03-11T05:15:00Z] +
[2026-03-11T05:15:00Z] +b4WitnessState : B4C.B4ShellComparisonVerdict
[2026-03-11T05:15:00Z] +b4WitnessState = B4C.exactShellMatch
[2026-03-11T05:15:00Z] +
[2026-03-11T05:15:00Z] +b4WitnessSnap : SG.Snap b4Policy b4WitnessState
[2026-03-11T05:15:00Z] +b4WitnessSnap = NatP.≤-refl
[2026-03-11T05:15:00Z] +
[2026-03-11T05:15:00Z] +b4Harness : STL.SnapThresholdHarness
[2026-03-11T05:15:00Z] +b4Harness =
[2026-03-11T05:15:00Z] +  record
[2026-03-11T05:15:00Z] +    { label = b4Label
[2026-03-11T05:15:00Z] +    ; X = B4C.B4ShellComparisonVerdict
[2026-03-11T05:15:00Z] +    ; policy = b4Policy
[2026-03-11T05:15:00Z] +    ; witnessState = b4WitnessState
[2026-03-11T05:15:00Z] +    ; witnessSnap = b4WitnessSnap
[2026-03-11T05:15:00Z] +    }
[2026-03-11T05:15:00Z] +
[2026-03-11T05:15:00Z] +b4Report : STLR.SnapThresholdReport
[2026-03-11T05:15:00Z] +b4Report = STLR.buildReport b4Harness
[2026-03-11T05:15:00Z] +
[2026-03-11T05:15:00Z] +b4Verdict : STL.SnapThresholdVerdict
[2026-03-11T05:15:00Z] +b4Verdict = STLR.SnapThresholdReport.verdict b4Report
[2026-03-11T05:15:00Z] diff --git a/README.md b/README.md
[2026-03-11T05:15:00Z] index 9c7f8bcb8af992bdedacb8e1503ecb581900399a..85d6d3512e970d555d59bfdec17c76ab3b8853fd
[2026-03-11T05:15:00Z] --- a/README.md
[2026-03-11T05:15:00Z] +++ b/README.md
[2026-03-11T05:15:00Z] @@ -176,16 +176,14 @@
[2026-03-11T05:15:00Z]    tertiary shift-side boundary cases beyond the reference witness.
[2026-03-11T05:15:00Z]  - Non-shift snap-threshold coverage now includes:
[2026-03-11T05:15:00Z]    a synthetic one-minus harness with a non-shift policy derived from its
[2026-03-11T05:15:00Z] -  witness state type, plus a Bool inversion harness that still reuses the
[2026-03-11T05:15:00Z] -  shift snap witness (pending a Bool inversion-specific witness).
[2026-03-11T05:15:00Z] +  witness state type, a Bool inversion-specific harness with its own witness
[2026-03-11T05:15:00Z] +  selection, and a standalone `B₄` harness.
[2026-03-11T05:15:00Z]  - Prioritized next steps (condensed):
[2026-03-11T05:15:00Z] -  1) cross-realization validation package (B₄ harness + Bool inversion-specific
[2026-03-11T05:15:00Z] -     snap witness),
[2026-03-11T05:15:00Z] -  2) contraction ⇒ quadratic theorem,
[2026-03-11T05:15:00Z] -  3) quadratic ⇒ signature theorem,
[2026-03-11T05:15:00Z] -  4) concrete constraint-closure theorem,
[2026-03-11T05:15:00Z] -  5) local recovery / effective-geometry theorem,
[2026-03-11T05:15:00Z] -  6) signature ⇒ Clifford/spin bridge.
[2026-03-11T05:15:00Z] +  1) contraction ⇒ quadratic theorem,
[2026-03-11T05:15:00Z] +  2) quadratic ⇒ signature theorem,
[2026-03-11T05:15:00Z] +  3) concrete constraint-closure theorem,
[2026-03-11T05:15:00Z] +  4) local recovery / effective-geometry theorem,
[2026-03-11T05:15:00Z] +  5) signature ⇒ Clifford/spin bridge.
[2026-03-11T05:15:00Z]  
[2026-03-11T05:15:00Z]  The repo does **not** currently claim full physics closure or “solved
[2026-03-11T05:15:00Z]  physics”.
[2026-03-11T05:15:00Z] diff --git a/TODO.md b/TODO.md
[2026-03-11T05:15:00Z] index 05654e03b5727edf701a7b2b852bd78a866f593f..cbca65ad1c4f7c0e8eddf1a61396270623f739ce
[2026-03-11T05:15:00Z] --- a/TODO.md
[2026-03-11T05:15:00Z] +++ b/TODO.md
[2026-03-11T05:15:00Z] @@ -34,12 +34,12 @@
[2026-03-11T05:15:00Z]  - [x] Follow-up: extend `abstract` barriers to
[2026-03-11T05:15:00Z]    `CanonicalStageCTheoremBundle` and `CanonicalStageCSummaryBundle`, then
[2026-03-11T05:15:00Z]    re-measure targeted closure-summary typecheck time.
[2026-03-11T05:15:00Z] -- [ ] Next follow-up: expand the same pattern to remaining heavy
[2026-03-11T05:15:00Z] +- [x] Next follow-up: expand the same pattern to remaining heavy
[2026-03-11T05:15:00Z]    moonshine/regime aliases in `PhysicsClosureValidationSummary` and re-check
[2026-03-11T05:15:00Z]    targeted bundle modules.
[2026-03-11T05:15:00Z] -- [ ] In-progress detail: first regime batch (`RegimeSummary` through
[2026-03-11T05:15:00Z] -  `RegimeRobustnessSummary`) now uses opaque `*-abs` wrappers; continue through
[2026-03-11T05:15:00Z] -  the remaining regime alias block.
[2026-03-11T05:15:00Z] +- [ ] Next follow-up: re-run direct
[2026-03-11T05:15:00Z] +  `PhysicsClosureValidationSummary.agda` timing/validation once the upstream
[2026-03-11T05:15:00Z] +  bridge-seam type error is cleared.
[2026-03-11T05:15:00Z]  
[2026-03-11T05:15:00Z]  ## Track T — Dynamical / Theorem Closure
[2026-03-11T05:15:00Z]  
[2026-03-11T05:15:00Z] @@ -186,8 +186,11 @@
[2026-03-11T05:15:00Z]    one-minus harness.
[2026-03-11T05:15:00Z]  - [x] Next snap-threshold extension:
[2026-03-11T05:15:00Z]    add a second non-shift realization harness (Bool inversion).
[2026-03-11T05:15:00Z] +- [x] Next snap-threshold extension:
[2026-03-11T05:15:00Z] +  add a Bool inversion-specific snap witness and the B₄ harness.
[2026-03-11T05:15:00Z]  - Next snap-threshold extension:
[2026-03-11T05:15:00Z] -  add a Bool inversion-specific snap witness and the B₄ harness.
[2026-03-11T05:15:00Z] +  lift the standalone `B₄` harness from shell-only severity to an
[2026-03-11T05:15:00Z] +  orientation/signature-aware admissible witness surface.
[2026-03-11T05:15:00Z]  - [x] Build the profile-rigidity harness first.
[2026-03-11T05:15:00Z]    Concrete sub-tasks:
[2026-03-11T05:15:00Z]    define the benchmark interface,
[2026-03-11T05:15:00Z] diff --git a/devlog.md b/devlog.md
[2026-03-11T05:15:00Z] index 077e767e5ebd359bb83ffe2ca7879ce9a35d5e19..705e9b3fff3912975f444c03d091570b36ffa326
[2026-03-11T05:15:00Z] --- a/devlog.md
[2026-03-11T05:15:00Z] +++ b/devlog.md
[2026-03-11T05:15:00Z] @@ -1,5 +1,11 @@
[2026-03-11T05:15:00Z]  # Devlog
[2026-03-11T05:15:00Z]  
[2026-03-11T05:15:00Z] +- 2026-03-11: Completed the cross-realization snap-threshold extension by
[2026-03-11T05:15:00Z] +  adding a Bool inversion-specific witness module
[2026-03-11T05:15:00Z] +  (`Chi2BoundaryBoolInversionWitness`), rewiring
[2026-03-11T05:15:00Z] +  `SnapThresholdLawBoolInversion` to consume it, adding a standalone
[2026-03-11T05:15:00Z] +  `SnapThresholdLawRootSystemB4` harness, and exporting the new B₄ verdict
[2026-03-11T05:15:00Z] +  through `PhysicsClosureValidationSummary`.
[2026-03-11T05:15:00Z]  - 2026-03-11: Added
[2026-03-11T05:15:00Z]    `ContractionQuadraticToSignatureBridgeTheorem` and exported it through
[2026-03-11T05:15:00Z]    `CanonicalStageC`, `CanonicalStageCTheoremBundle`,
[2026-03-11T05:15:00Z] diff --git a/plan.md b/plan.md
[2026-03-11T05:15:00Z] index 3ef654a65e1f8575b293bf3211ed3b14477df925..b4e296e963e0bac529031c9a725301b2646e3fd5
[2026-03-11T05:15:00Z] --- a/plan.md
[2026-03-11T05:15:00Z] +++ b/plan.md
[2026-03-11T05:15:00Z] @@ -47,9 +47,9 @@
[2026-03-11T05:15:00Z]  0. Runtime guardrail: skip direct checks of
[2026-03-11T05:15:00Z]     `PhysicsClosureValidationSummary.agda` until runtime bounds are acceptable
[2026-03-11T05:15:00Z]     (currently ~1.25 hours).
[2026-03-11T05:15:00Z] -1. Cross-realization validation package: in progress (synthetic one-minus
[2026-03-11T05:15:00Z] -   non-shift policy + Bool inversion harness landed; next add Bool
[2026-03-11T05:15:00Z] -   inversion-specific snap witness and the B₄ harness).
[2026-03-11T05:15:00Z] +1. Cross-realization validation package: done (Bool inversion-specific snap
[2026-03-11T05:15:00Z] +   witness + standalone B₄ harness landed and exported through the validation
[2026-03-11T05:15:00Z] +   summary).
[2026-03-11T05:15:00Z]  2. Contraction ⇒ quadratic theorem.
[2026-03-11T05:15:00Z]  3. Quadratic ⇒ signature theorem.
[2026-03-11T05:15:00Z]  4. Concrete constraint-closure theorem (current three-generator system).
[2026-03-11T05:15:00Z] diff --git a/status.json b/status.json
[2026-03-11T05:15:00Z] index 800d527f52ce25b43d1f86683d73220df120319f..c1d694295c5612ac3dbce88b1d66b667086bb49c
[2026-03-11T05:15:00Z] --- a/status.json
[2026-03-11T05:15:00Z] +++ b/status.json
[2026-03-11T05:15:00Z] @@ -5,9 +5,9 @@
[2026-03-11T05:15:00Z]    "docs": "ready",
[2026-03-11T05:15:00Z]    "external_reasoning": "off",
[2026-03-11T05:15:00Z]    "last_action": "long-running-development",
[2026-03-11T05:15:00Z] -  "last_cycle_finished_at": "2026-03-11T04:52:09Z",
[2026-03-11T05:15:00Z] +  "last_cycle_finished_at": "2026-03-11T05:08:04Z",
[2026-03-11T05:15:00Z]    "last_cycle_started_at": "2026-03-11T05:03:44Z",
[2026-03-11T05:15:00Z] -  "last_exit_code": 1,
[2026-03-11T05:15:00Z] -  "milestones_remaining": 1,
[2026-03-11T05:15:00Z] +  "last_exit_code": 0,
[2026-03-11T05:15:00Z] +  "milestones_remaining": 0,
[2026-03-11T05:15:00Z]    "tests": "partial"
[2026-03-11T05:15:00Z]  }
[2026-03-11T05:15:00Z] diff --git a/status.md b/status.md
[2026-03-11T05:15:00Z] index d0c988b51570de6190d631cf058e3143140cdd54..2601ac88e5d1366a2e59f3c593a060876a172d9b
[2026-03-11T05:15:00Z] --- a/status.md
[2026-03-11T05:15:00Z] +++ b/status.md
[2026-03-11T05:15:00Z] @@ -2,6 +2,7 @@
[2026-03-11T05:15:00Z]  
[2026-03-11T05:15:00Z]  - Phase: bottleneck theorem path in progress
[2026-03-11T05:15:00Z]  - Milestones:
[2026-03-11T05:15:00Z] +  - cross-realization snap-threshold package (Bool inversion witness + B₄ harness): done
[2026-03-11T05:15:00Z]    - projection/defect → parallelogram package: done
[2026-03-11T05:15:00Z]    - strengthened contraction→quadratic module with explicit seams: done
[2026-03-11T05:15:00Z]    - first concrete invariant witness (identity dynamics): done
[2026-03-11T05:15:00Z] @@ -10,6 +11,9 @@
[2026-03-11T05:15:00Z]    - uniqueness-up-to-scale seam: open
[2026-03-11T05:15:00Z]    - downstream signature/Clifford/gauge closure from those seams: open
[2026-03-11T05:15:00Z]  - Tests: Agda typecheck passes for
[2026-03-11T05:15:00Z] +  `Chi2BoundaryBoolInversionWitness`,
[2026-03-11T05:15:00Z] +  `SnapThresholdLawBoolInversion`,
[2026-03-11T05:15:00Z] +  `SnapThresholdLawRootSystemB4`,
[2026-03-11T05:15:00Z]    `ProjectionDefectToParallelogram`,
[2026-03-11T05:15:00Z]    `ContractionForcesQuadraticStrong`,
[2026-03-11T05:15:00Z]    `CanonicalStageC`,
[2026-03-11T05:15:00Z] 
[2026-03-11T05:15:00Z]  exited -1 in 5m 59s:
[2026-03-11T05:15:00Z] Checking DASHI.Everything (/home/c/Documents/code/dashi_agda/DASHI/Everything.agda).
[2026-03-11T05:15:00Z]    Checking DASHI.Physics.Closure.PhysicsClosureValidationSummary (/home/c/Documents/code/dashi_agda/DASHI/Physics/Closure/PhysicsClosureValidationSummary.agda).
