[2026-03-10T03:52:00Z] Starting orchestrator in /home/c/Documents/code/dashi_agda
[2026-03-10T03:52:00Z] Running skill: robust-context-fetch
[2026-03-10T03:52:42Z] Skill finished with exit code 1: robust-context-fetch
[2026-03-10T03:54:18Z] Starting orchestrator in /home/c/Documents/code/dashi_agda
[2026-03-10T03:54:18Z] Running skill: update-docs-todo-implement
[2026-03-10T03:54:45Z] Starting orchestrator in /home/c/Documents/code/dashi_agda
[2026-03-10T03:54:45Z] Running skill: architect-planner
[2026-03-10T03:55:00Z] Skill finished with exit code 1: update-docs-todo-implement
[2026-03-10T03:55:21Z] Starting orchestrator in /home/c/Documents/code/dashi_agda
[2026-03-10T03:55:21Z] Running skill: repo-auditor
[2026-03-10T03:55:27Z] Skill finished with exit code 1: architect-planner
[2026-03-10T03:55:38Z] Starting orchestrator in /home/c/Documents/code/dashi_agda
[2026-03-10T03:55:38Z] Running skill: long-running-development
[2026-03-10T03:56:02Z] Skill finished with exit code 1: repo-auditor
[2026-03-10T03:56:19Z] Skill finished with exit code 1: long-running-development
[2026-03-10T04:03:37Z] Starting orchestrator in /home/c/Documents/code/dashi_agda
[2026-03-10T04:03:37Z] Project complete.
[2026-03-10T04:33:26Z] Starting orchestrator in /home/c/Documents/code/dashi_agda
[2026-03-10T04:33:26Z] Project complete.
[2026-03-10T04:36:04Z] Starting orchestrator in /home/c/Documents/code/dashi_agda
[2026-03-10T04:36:04Z] Project complete.
[2026-03-10T05:04:54Z] Starting orchestrator in /home/c/Documents/code/dashi_agda
[2026-03-10T05:04:54Z] Running skill: long-running-development
[2026-03-10T05:05:36Z] Skill finished with exit code 1: long-running-development
[2026-03-10T05:09:34Z] Starting orchestrator in /home/c/Documents/code/dashi_agda
[2026-03-10T05:09:34Z] Running skill: long-running-development
[2026-03-10T05:15:58Z] Skill finished with exit code 0: long-running-development
[2026-03-10T05:20:27Z] Starting orchestrator in /home/c/Documents/code/dashi_agda
[2026-03-10T05:20:27Z] Running skill: long-running-development
[2026-03-10T05:29:34Z] Starting orchestrator in /home/c/Documents/code/dashi_agda
[2026-03-10T05:29:34Z] Project complete.
[2026-03-10T11:32:18Z] Starting orchestrator in /home/c/Documents/code/dashi_agda
[2026-03-10T11:32:18Z] Running skill: long-running-development
[2026-03-10T11:58:07Z] Starting orchestrator in /home/c/Documents/code/dashi_agda
[2026-03-10T11:58:07Z] Running skill: bug-hunter
[2026-03-10T12:12:18Z] Starting orchestrator in /home/c/Documents/code/dashi_agda
[2026-03-10T12:12:18Z] Running skill: bug-hunter
[2026-03-10T12:20:38Z] Skill finished with exit code 0: bug-hunter
[2026-03-10T12:26:07Z] Starting orchestrator in /home/c/Documents/code/dashi_agda
[2026-03-10T12:26:07Z] Running skill: long-running-development
[2026-03-10T12:26:37Z] Skill still running after 30s: long-running-development
[2026-03-10T12:27:07Z] Skill still running after 60s: long-running-development
[2026-03-10T12:27:37Z] Skill still running after 90s: long-running-development
[2026-03-10T12:28:07Z] Skill still running after 120s: long-running-development
[2026-03-10T12:28:37Z] Skill still running after 150s: long-running-development
[2026-03-10T12:29:07Z] Skill still running after 180s: long-running-development
[2026-03-10T12:29:37Z] Skill still running after 210s: long-running-development
[2026-03-10T12:30:07Z] Skill still running after 240s: long-running-development
[2026-03-10T12:30:37Z] Skill still running after 270s: long-running-development
[2026-03-10T12:31:07Z] Skill still running after 300s: long-running-development
[2026-03-10T12:31:37Z] Skill still running after 330s: long-running-development
[2026-03-10T12:32:07Z] Skill still running after 360s: long-running-development
[2026-03-10T12:32:37Z] Skill still running after 390s: long-running-development
[2026-03-10T12:33:07Z] Skill still running after 420s: long-running-development
[2026-03-10T12:33:37Z] Skill still running after 450s: long-running-development
[2026-03-10T12:34:07Z] Skill still running after 480s: long-running-development
[2026-03-10T12:34:37Z] Skill still running after 510s: long-running-development
[2026-03-10T12:35:07Z] Skill still running after 540s: long-running-development
[2026-03-10T12:35:37Z] Skill still running after 570s: long-running-development
[2026-03-10T13:05:06Z] Starting orchestrator in /home/c/Documents/code/dashi_agda
[2026-03-10T13:05:06Z] Running skill: long-running-development
[2026-03-10T13:05:36Z] Skill still running after 30s: long-running-development
[2026-03-10T13:23:06Z] Starting orchestrator in /home/c/Documents/code/dashi_agda
[2026-03-10T13:23:06Z] Project complete.
